0 info it worked if it ends with ok
1 verbose cli [ '/Users/markbrocato/n/bin/node',
1 verbose cli   '/Users/markbrocato/n/bin/npm',
1 verbose cli   'run',
1 verbose cli   'moov' ]
2 info using npm@3.10.10
3 info using node@v6.14.2
4 verbose run-script [ 'premoov', 'moov', 'postmoov' ]
5 info lifecycle react-storefront-boilerplate@0.2.0~premoov: react-storefront-boilerplate@0.2.0
6 silly lifecycle react-storefront-boilerplate@0.2.0~premoov: no script for premoov, continuing
7 info lifecycle react-storefront-boilerplate@0.2.0~moov: react-storefront-boilerplate@0.2.0
8 verbose lifecycle react-storefront-boilerplate@0.2.0~moov: unsafe-perm in lifecycle true
9 verbose lifecycle react-storefront-boilerplate@0.2.0~moov: PATH: /Users/markbrocato/n/lib/node_modules/npm/bin/node-gyp-bin:/Users/markbrocato/Code/react-storefront-boilerplate/node_modules/.bin:/Users/markbrocato/Code/react-storefront-boilerplate/node_modules/.bin:/Users/markbrocato/.config/yarn/link/node_modules/.bin:/Users/markbrocato/Code/react-storefront-boilerplate/node_modules/.bin:/Users/markbrocato/.config/yarn/link/node_modules/.bin:/Users/markbrocato/n/libexec/lib/node_modules/npm/bin/node-gyp-bin:/Users/markbrocato/n/lib/node_modules/npm/bin/node-gyp-bin:/Users/markbrocato/n/bin/node_modules/npm/bin/node-gyp-bin:/Users/markbrocato/n/bin:/usr/local/bin:/usr/bin:/bin:/usr/sbin:/sbin:/Users/markbrocato/n/bin
10 verbose lifecycle react-storefront-boilerplate@0.2.0~moov: CWD: /Users/markbrocato/Code/react-storefront-boilerplate
11 silly lifecycle react-storefront-boilerplate@0.2.0~moov: Args: [ '-c', 'moovsdk start' ]
12 silly lifecycle react-storefront-boilerplate@0.2.0~moov: Returned: code: 255  signal: null
13 info lifecycle react-storefront-boilerplate@0.2.0~moov: Failed to exec moov script
14 verbose stack Error: react-storefront-boilerplate@0.2.0 moov: `moovsdk start`
14 verbose stack Exit status 255
14 verbose stack     at EventEmitter.<anonymous> (/Users/markbrocato/n/lib/node_modules/npm/lib/utils/lifecycle.js:255:16)
14 verbose stack     at emitTwo (events.js:106:13)
14 verbose stack     at EventEmitter.emit (events.js:191:7)
14 verbose stack     at ChildProcess.<anonymous> (/Users/markbrocato/n/lib/node_modules/npm/lib/utils/spawn.js:40:14)
14 verbose stack     at emitTwo (events.js:106:13)
14 verbose stack     at ChildProcess.emit (events.js:191:7)
14 verbose stack     at maybeClose (internal/child_process.js:920:16)
14 verbose stack     at Process.ChildProcess._handle.onexit (internal/child_process.js:230:5)
15 verbose pkgid react-storefront-boilerplate@0.2.0
16 verbose cwd /Users/markbrocato/Code/react-storefront-boilerplate
17 error Darwin 17.6.0
18 error argv "/Users/markbrocato/n/bin/node" "/Users/markbrocato/n/bin/npm" "run" "moov"
19 error node v6.14.2
20 error npm  v3.10.10
21 error code ELIFECYCLE
22 error react-storefront-boilerplate@0.2.0 moov: `moovsdk start`
22 error Exit status 255
23 error Failed at the react-storefront-boilerplate@0.2.0 moov script 'moovsdk start'.
23 error Make sure you have the latest version of node.js and npm installed.
23 error If you do, this is most likely a problem with the react-storefront-boilerplate package,
23 error not with npm itself.
23 error Tell the author that this fails on your system:
23 error     moovsdk start
23 error You can get information on how to open an issue for this project with:
23 error     npm bugs react-storefront-boilerplate
23 error Or if that isn't available, you can get their info via:
23 error     npm owner ls react-storefront-boilerplate
23 error There is likely additional logging output above.
24 verbose exit [ 1, true ]
